[debug] [2025-09-29T01:20:14.866Z] ----------------------------------------------------------------------
[debug] [2025-09-29T01:20:14.872Z] Command:       /Users/dannynavas/.nvm/versions/node/v22.17.0/bin/node /Users/dannynavas/Library/pnpm/global/5/.pnpm/firebase-tools@14.17.0_@types+node@16.18.11_encoding@0.1.13/node_modules/firebase-tools/lib/bin/firebase.js init
[debug] [2025-09-29T01:20:14.872Z] CLI Version:   14.17.0
[debug] [2025-09-29T01:20:14.872Z] Platform:      darwin
[debug] [2025-09-29T01:20:14.872Z] Node Version:  v22.17.0
[debug] [2025-09-29T01:20:14.872Z] Time:          Sun Sep 28 2025 20:20:14 GMT-0500 (Colombia Standard Time)
[debug] [2025-09-29T01:20:14.873Z] ----------------------------------------------------------------------
[debug] 
[debug] [2025-09-29T01:20:14.876Z] > command requires scopes: ["email","openid","https://www.googleapis.com/auth/cloudplatformprojects.readonly","https://www.googleapis.com/auth/firebase","https://www.googleapis.com/auth/cloud-platform"]
[debug] [2025-09-29T01:20:14.877Z] > authorizing via signed-in user (dannielnavas@gmail.com)
[info] 
     ######## #### ########  ######## ########     ###     ######  ########
     ##        ##  ##     ## ##       ##     ##  ##   ##  ##       ##
     ######    ##  ########  ######   ########  #########  ######  ######
     ##        ##  ##    ##  ##       ##     ## ##     ##       ## ##
     ##       #### ##     ## ######## ########  ##     ##  ######  ########

You're about to initialize a Firebase project in this directory:

  /Users/dannynavas/Documents/projects/page-focus-loop

[debug] [2025-09-29T01:22:02.300Z] ExitPromptError: User force closed the prompt with SIGINT
    at Interface.sigint (/Users/dannynavas/Library/pnpm/global/5/.pnpm/@inquirer+core@10.2.2_@types+node@16.18.11/node_modules/@inquirer/core/dist/commonjs/lib/create-prompt.js:101:37)
    at Interface.emit (node:events:518:28)
    at Interface.emit (node:domain:489:12)
    at [_ttyWrite] [as _ttyWrite] (node:internal/readline/interface:1132:18)
    at ReadStream.onkeypress (node:internal/readline/interface:271:20)
    at ReadStream.emit (node:events:530:35)
    at ReadStream.emit (node:domain:489:12)
    at emitKeys (node:internal/readline/utils:370:14)
    at emitKeys.next (<anonymous>)
    at ReadStream.onData (node:internal/readline/emitKeypressEvents:64:36)
[error] 
[error] Error: An unexpected error has occurred.
[debug] [2025-09-29T01:31:26.683Z] ----------------------------------------------------------------------
[debug] [2025-09-29T01:31:26.689Z] Command:       /Users/dannynavas/.nvm/versions/node/v22.17.0/bin/node /Users/dannynavas/Library/pnpm/global/5/.pnpm/firebase-tools@14.17.0_@types+node@16.18.11_encoding@0.1.13/node_modules/firebase-tools/lib/bin/firebase.js init
[debug] [2025-09-29T01:31:26.689Z] CLI Version:   14.17.0
[debug] [2025-09-29T01:31:26.689Z] Platform:      darwin
[debug] [2025-09-29T01:31:26.690Z] Node Version:  v22.17.0
[debug] [2025-09-29T01:31:26.690Z] Time:          Sun Sep 28 2025 20:31:26 GMT-0500 (Colombia Standard Time)
[debug] [2025-09-29T01:31:26.690Z] ----------------------------------------------------------------------
[debug] 
[debug] [2025-09-29T01:31:26.694Z] > command requires scopes: ["email","openid","https://www.googleapis.com/auth/cloudplatformprojects.readonly","https://www.googleapis.com/auth/firebase","https://www.googleapis.com/auth/cloud-platform"]
[debug] [2025-09-29T01:31:26.694Z] > authorizing via signed-in user (dannielnavas@gmail.com)
[info] 
     ######## #### ########  ######## ########     ###     ######  ########
     ##        ##  ##     ## ##       ##     ##  ##   ##  ##       ##
     ######    ##  ########  ######   ########  #########  ######  ######
     ##        ##  ##    ##  ##       ##     ## ##     ##       ## ##
     ##       #### ##     ## ######## ########  ##     ##  ######  ########

You're about to initialize a Firebase project in this directory:

  /Users/dannynavas/Documents/projects/page-focus-loop

[debug] [2025-09-29T01:31:50.935Z] ExitPromptError: User force closed the prompt with SIGINT
    at Interface.sigint (/Users/dannynavas/Library/pnpm/global/5/.pnpm/@inquirer+core@10.2.2_@types+node@16.18.11/node_modules/@inquirer/core/dist/commonjs/lib/create-prompt.js:101:37)
    at Interface.emit (node:events:518:28)
    at Interface.emit (node:domain:489:12)
    at [_ttyWrite] [as _ttyWrite] (node:internal/readline/interface:1132:18)
    at ReadStream.onkeypress (node:internal/readline/interface:271:20)
    at ReadStream.emit (node:events:530:35)
    at ReadStream.emit (node:domain:489:12)
    at emitKeys (node:internal/readline/utils:370:14)
    at emitKeys.next (<anonymous>)
    at ReadStream.onData (node:internal/readline/emitKeypressEvents:64:36)
[error] 
[error] Error: An unexpected error has occurred.
